1
 
 Parameters
 ==========

 Files
 -----
 Solution file..........         0       Old basis file ........         0       Standard input.........         5
 Insert file............         0       New basis file ........         0       (Printer)..............         9
 Punch file.............         0       Backup basis file......         0       (Specs file)...........         0
 Load file..............         0       Dump file..............         0       Standard output........         6

 Frequencies
 -----------
 Print frequency........       100       Check frequency........        60       Save new basis map.....       100
 Summary frequency......       100       Factorization frequency        50       Expand frequency.......     10000

 QP subproblems
 --------------
 QPsolver Cholesky......
 Scale tolerance........      .900       Minor feasibility tol..  1.00E-06       Iteration limit........     10000
 Scale option...........         0       Minor optimality  tol..  5.00E-07       Minor print level......         1
 Crash tolerance........      .100       Pivot tolerance........  3.25E-11       Partial price..........         1
 Crash option...........         3       Elastic weight.........  1.00E+04       Prtl price section ( A)        33
                                         New superbasics........        99       Prtl price section (-I)        49

 The SQP Method
 --------------
 Minimize...............                 Cold start.............                 Proximal Point method..         1
 Nonlinear objectiv vars        33       Objective Row..........         1       Function precision.....  3.00E-13
 Unbounded step size....  1.00E+20       Superbasics limit......        33       Difference interval....  5.48E-07
 Unbounded objective....  1.00E+15       Reduced Hessian dim....        33       Central difference int.  6.70E-05
 Major step limit.......  2.00E+00       Derivative linesearch..                 Derivative option......         1
 Major iterations limit.      2000       Linesearch tolerance...    .90000       Verify level...........         0
 Minor iterations limit.       500       Penalty parameter......  0.00E+00       Major Print Level......         1
                                         Major optimality tol...  1.00E-06

 Hessian Approximation
 ---------------------
 Full-Memory Hessian....                 Hessian updates........  99999999       Hessian frequency......  99999999
                                                                                 Hessian flush..........  99999999

 Nonlinear constraints
 ---------------------
 Nonlinear constraints..        41       Major feasibility tol..  1.00E-06       Violation limit........  1.00E+06
 Nonlinear Jacobian vars        33

 Miscellaneous
 -------------
 LU factor tolerance....      3.99       LU singularity tol.....  3.25E-11       Timing level...........        -1
 LU update tolerance....      3.99       LU swap tolerance......  1.22E-04       Debug level............         0
 LU partial  pivoting...                 eps (machine precision)  2.22E-16       System information.....        No
                                                                                 Sticky parameters......       Yes
1
 

 

 Matrix statistics
 -----------------
               Total      Normal        Free       Fixed     Bounded
 Rows             49           0           2          47           0
 Columns          33           0          16           0          17

 No. of matrix elements                 1367     Density      84.539
 Biggest  constant element        1.0000E+00  (excluding fixed columns,
 Smallest constant element        1.0000E+00   free rows, and RHS)

 No. of objective coefficients             0

 Nonlinear constraints      41     Linear constraints       8
 Nonlinear variables        33     Linear variables         0
 Jacobian  variables        33     Objective variables     33
 Total constraints          49     Total variables         33
1
 

 
 The user has defined    1386   out of    1386   first  derivatives

 Cheap test of user-supplied problem derivatives...

 The constraint gradients seem to be OK.

 -->  The largest discrepancy was    4.07E-06  in constraint    73
 

 The objective  gradients seem to be OK.

 Gradient projected in one direction   0.00000000000E+00
 Difference approximation              0.00000000000E+00
1
 
 

   Itns Major Minors    Step   nCon Feasible  Optimal  MeritFunction     L+U BSwap     nS  condHz Penalty
     29     0     29              1  1.6E+03  6.8E-03  0.0000000E+00     648            5 1.7E+01         _  r
     30     1      1 1.0E+00      2  3.4E+02  1.7E-01 -8.8610226E-01     655     2      5 8.4E+00 1.1E-08 _n r
     31     2      1 1.0E+00      3  6.6E+01  1.5E+00  7.0215237E-01     648            5 1.8E+01 1.3E-06 _s
     33     3      2 4.7E-01      5  3.8E+01  6.7E-02  9.4108194E-01     687     2      4 3.1E+00 7.5E-06 _
     34     4      1 8.0E-01      7  1.2E+01  2.1E-02  6.4876242E+00     646            4 5.4E+00 8.6E-04 _
     35     5      1 2.0E-01     10  8.4E+00  4.6E-02  4.8008305E+00     646            4 5.9E+01 8.6E-04 _
     37     6      2 4.5E-01     13  7.4E+00  2.4E-01  1.9297560E+00     646            5 6.6E+01 8.6E-04 _ M
     40     7      3 1.0E+00     14  2.5E+00  1.6E-02  1.4707520E-01     677     2      5 3.8E+01 8.6E-04 _
     41     8      1 1.0E+00     15  3.0E-01  3.2E-02  1.1047371E-03     649     2      5 2.3E+01 8.6E-04 _
     44     9      3 1.0E+00     16  1.3E-03  8.6E-05  1.9923566E-02     649            6 4.2E+10 8.6E-04 _    i
     45    10      1 1.0E+00     17  2.0E-03  8.3E-02  1.9086785E-02     625            6 2.3E+01 8.6E-04 _    i
     46    11      1 2.6E-01     19  9.8E-03  4.5E-02  1.8102663E-02     625            6 3.3E+01 8.6E-04 _    i
     47    12      1 1.9E-01     21  1.2E-02  5.9E-03  1.7549086E-02     625            6 4.8E+01 8.6E-04 _    i
     48    13      1 1.0E+00     22  1.3E-02  8.2E-02  1.5596120E-02     625            6 1.1E+02 8.6E-04 _    i
     49    14      1 4.1E-01     24  1.7E-02  1.7E-02  1.5084142E-02     625            6 1.2E+02 8.6E-04 _    i
     51    15      2 1.0E+00     26  5.5E-02  1.0E-01  1.1914923E-02     649            5 1.6E+01 8.6E-04 _ m
     52    16      1 6.1E-04     30  5.5E-02  8.8E-01  3.6879254E-01     649            5 3.9E+01 5.1E+00 _ m
     55    17      3 1.6E-01     33  5.1E-02  9.1E-02  3.1185931E-01     649            6 9.6E+09 5.1E+00 _
     56    18      1 5.7E-01     35  2.5E-02  9.4E-01  9.4640554E-02     625            6 3.2E+02 5.1E+00 _
     57    19      1 1.0E+00     36  8.7E-03  1.7E-02  2.5886727E-03     625            6 1.8E+02 5.1E+00 _

   Itns Major Minors    Step   nCon Feasible  Optimal  MeritFunction     L+U BSwap     nS  condHz Penalty
     63    20      6 8.0E-03     39  8.6E-03  1.4E-02  5.3594961E-03     649            6 7.9E+09 5.7E+00 _
     69    21      6 3.1E-04     43  8.6E-03  1.5E-02  6.0894979E-03     649     1      6 7.3E+09 6.0E+00 _
     74    22      5 3.2E-04     47  8.6E-03  1.5E-02  6.1601921E-03     649     1      6 6.8E+09 6.0E+00 _
     79    23      5 3.3E-04     51  8.6E-03  1.5E-02  6.2262563E-03     649     1      6 6.3E+09 6.0E+00 _
     84    24      5 3.4E-04     55  8.6E-03  1.4E-02  6.2955234E-03     649     1      6 5.9E+09 6.1E+00 _
     90    25      6 3.6E-04     59  8.6E-03  1.4E-02  6.3688423E-03     649     1      6 5.6E+09 6.1E+00 _
     95    26      5 3.7E-04     63  8.6E-03  1.4E-02  6.4471645E-03     649     1      6 5.2E+09 6.1E+00 _
    101    27      6 4.0E-04     67  8.6E-03  1.4E-02  6.5315713E-03     649     1      6 4.8E+09 6.1E+00 _
    107    28      6 4.3E-04     71  8.6E-03  1.3E-02  6.6233041E-03     649     1      6 4.5E+09 6.2E+00 _
    113    29      6 4.8E-04     75  8.6E-03  1.3E-02  6.7238096E-03     649     1      6 4.2E+09 6.2E+00 _
    119    30      6 5.5E-04     79  8.6E-03  1.3E-02  6.8347996E-03     649     1      6 3.9E+09 6.2E+00 _
    124    31      5 6.8E-04     83  8.6E-03  1.2E-02  6.9583501E-03     649     1      6 3.6E+09 6.3E+00 _
    129    32      5 9.1E-04     87  8.5E-03  1.2E-02  7.0971186E-03     649     1      6 3.3E+09 6.3E+00 _
    134    33      5 1.3E-03     91  8.5E-03  1.1E-02  7.2550413E-03     649     1      6 3.0E+09 6.4E+00 _
    139    34      5 1.6E-04     97  8.5E-03  1.1E-02  7.4362685E-03     649     1      6 2.8E+09 6.5E+00 _
    142    35      3 1.8E-04    103  8.5E-03  1.1E-02  7.6554465E-03     649     1      5 1.9E+02 6.6E+00 _
    143    36      1 1.9E-04    109  8.5E-03  1.1E-02  7.6545552E-03     649            5 1.9E+02 6.6E+00 _
    144    37      1 2.1E-04    115  8.5E-03  1.1E-02  7.6533848E-03     649            5 1.9E+02 6.6E+00 _
    145    38      1 2.3E-04    121  8.5E-03  1.1E-02  7.6519126E-03     649            5 1.9E+02 6.6E+00 _
    146    39      1 2.5E-04    127  8.5E-03  1.1E-02  7.6501186E-03     649            5 1.9E+02 6.6E+00 _

   Itns Major Minors    Step   nCon Feasible  Optimal  MeritFunction     L+U BSwap     nS  condHz Penalty
    147    40      1 2.7E-03    131  8.5E-03  1.1E-02  7.6468120E-03     649            5 1.9E+02 6.6E+00 _
    148    41      1 2.6E-03    135  8.5E-03  1.3E-02  7.6399842E-03     649            5 1.9E+02 6.6E+00 _
    149    42      1 2.5E-03    139  8.5E-03  1.9E-02  7.6298856E-03     649            5 1.9E+02 6.6E+00 _
    150    43      1 2.5E-03    143  8.5E-03  2.7E-02  7.6169440E-03     649            5 1.8E+02 6.6E+00 _
    151    44      1 2.5E-03    147  8.5E-03  3.7E-02  7.6014925E-03     649            5 1.8E+02 6.6E+00 _
    152    45      1 2.4E-03    151  8.5E-03  5.3E-02  7.5837989E-03     649            5 1.8E+02 6.6E+00 _
    153    46      1 2.4E-03    155  8.4E-03  8.1E-02  7.5640924E-03     649            5 1.8E+02 6.6E+00 _
    154    47      1 2.5E-03    159  8.4E-03  1.5E-01  7.5425881E-03     649            5 1.8E+02 6.6E+00 _
    156    48      2 2.5E-03    163  8.4E-03  5.7E-01  7.5195155E-03     649            5 1.9E+02 6.6E+00 _
    158    49      2 2.5E-03    168  8.4E-03  5.5E-01  7.4951897E-03     649            5 1.9E+02 6.6E+00 _n
    166    50      8 2.5E-03    173  8.4E-03  1.4E-01  7.4709353E-03     649            7 1.6E+12 6.6E+00 _n R i
    170    51      4 1.0E+00    175  2.3E-06  3.4E-01 -1.3752828E+00     627            6 2.6E+03 7.1E+02 _sM  i
    171    52      1 1.0E+00    177  4.1E-06  1.8E-02 -1.7825266E-04     625            6 2.2E+03 4.1E+03 _ m
    177    53      6 7.3E-04    182  4.1E-06  1.8E-02  1.0156860E-02     649            6 6.1E+10 4.1E+05 _n
    178    54      1 1.0E+00    184  2.0E-04  5.3E-02  1.0730346E-02     625     1      6 5.3E+04 9.4E+02 _n R
    179    55      1 1.0E+00    186 (9.5E-08)(4.3E-11)-4.5976832E-11     625            6 2.8E+04 7.7E+01 _sM
1
 
 SNOPTA EXIT   0 -- finished successfully
 SNOPTA INFO   1 -- optimality conditions satisfied

 Problem name
 No. of iterations                 179   Objective value      0.0000000000E+00
 No. of major iterations            55   Linear objective     0.0000000000E+00
 Penalty parameter           7.707E+01   Nonlinear objective  0.0000000000E+00
 No. of calls to funobj            187   No. of calls to funcon            187
 No. of superbasics                  6   No. of basic nonlinears            27
 No. of degenerate steps            27   Percentage                      15.08
 Max x                      17 2.0E+01   Max pi                     49 1.0E+00
 Max Primal infeas           0 0.0E+00   Max Dual infeas             4 8.5E-11
 Nonlinear constraint violn    4.9E-07
1
 
 Name                                    Objective Value      0.0000000000E+00

 Status         Optimal Soln             Iteration    179    Superbasics     6

 Objective               (Min)
 RHS
 Ranges
 Bounds

 Section 1 - Rows

  Number  ...Row.. State  ...Activity...  Slack Activity  ..Lower Limit.  ..Upper Limit.  .Dual Activity    ..i
 
      34  r      1    BS          .               .                None            None         -1.0          1
      35  r      2    BS          .00488          .00488           None            None           .           2
      36  r      3 D  BS          .               .               .               .               .           3
      37  r      4 D  BS          .               .               .               .               .           4
      38  r      5 D  BS          .               .               .               .               .           5
      39  r      6 D  BS          .               .               .               .               .           6
      40  r      7 D  BS          .               .               .               .               .           7
      41  r      8 D  BS          .               .               .               .               .           8
      42  r      9 D  BS          .               .               .               .               .           9
      43  r     10 D  BS          .               .               .               .               .          10
      44  r     11 D  BS          .               .               .               .               .          11
      45  r     12 D  BS          .               .               .               .               .          12
      46  r     13 D  BS          .               .               .               .               .          13
      47  r     14 D  BS          .               .               .               .               .          14
      48  r     15 D  BS          .               .               .               .               .          15
      49  r     16 D  BS          .               .               .               .               .          16
      50  r     17 D  BS          .               .               .               .               .          17
      51  r     18 D  BS          .               .               .               .               .          18
      52  r     19 D  BS          .               .               .               .               .          19
      53  r     20 D  BS          .               .               .               .               .          20
      54  r     21 D  BS          .               .               .               .               .          21
      55  r     22 A  EQ          .00000          .00000          .               .               .00000     22
      56  r     23 D  BS          .00000          .00000          .               .               .          23
      57  r     24 A  EQ          .00000          .00000          .               .               .00000     24
      58  r     25 A  EQ          .00000          .00000          .               .               .00000     25
      59  r     26 A  EQ          .00000          .00000          .               .               .00000     26
      60  r     27 A  EQ          .00000          .00000          .               .               .00000     27
      61  r     28 A  EQ          .00000          .00000          .               .               .00000     28
      62  r     29 A  EQ          .00000          .00000          .               .               .00000     29
      63  r     30 A  EQ          .00000          .00000          .               .               .00000     30
      64  r     31 A  EQ          .00000          .00000          .               .               .00000     31
      65  r     32 A  EQ          .00000          .00000          .               .               .00000     32
      66  r     33 A  EQ          .00000          .00000          .               .               .00000     33
      67  r     34 A  EQ          .00000          .00000          .               .               .00000     34
      68  r     35 A  EQ          .00000          .00000          .               .               .00000     35
      69  r     36 A  EQ          .00000          .00000          .               .               .00000     36
      70  r     37 A  EQ          .00000          .00000          .               .               .00000     37
      71  r     38 A  EQ          .00000          .00000          .               .               .00000     38
      72  r     39 A  EQ          .00000          .00000          .               .               .00000     39
      73  r     40 A  EQ          .00000          .00000          .               .               .00000     40
      74  r     41 A  EQ          .00000          .00000          .               .               .00000     41
      75  r     42 A  EQ          .00000          .00000          .               .               .00000     42
      76  r     43 A  EQ          .               .               .               .               .00000     43
      77  r     44 A  EQ          .               .               .               .               .00000     44
      78  r     45 A  EQ          .               .               .               .               .00000     45
      79  r     46 A  EQ          .               .               .               .               .00000     46
      80  r     47 A  EQ          .               .               .               .               .00000     47
      81  r     48 A  EQ          .               .               .               .               .00000     48
      82  r     49 A  EQ          .               .               .               .               .00000     49
1
 
 Section 2 - Columns

  Number  .Column. State  ...Activity...  .Obj Gradient.  ..Lower Limit.  ..Upper Limit.  Reduced Gradnt    m+j
 
       1  x      1    BS         -.02212          .             -1.50000          .               .00000     50
       2  x      2    BS         -.05327          .             -1.50000         1.50000          .00000     51
       3  x      3    BS         -.08683          .             -1.50000         1.50000          .00000     52
       4  x      4    BS         -.00038          .             -1.50000         1.50000          .00000     53
       5  x      5    BS         -.44618          .             -1.50000         1.50000          .00000     54
       6  x      6    BS          .40389          .             -1.50000         1.50000          .00000     55
       7  x      7    BS         -.00738          .             -1.50000         1.50000          .00000     56
       8  x      8    BS          .05445          .             -1.50000         1.50000          .00000     57
       9  x      9    BS          .07564          .             -1.50000         1.50000          .00000     58
      10  x     10   SBS          .08683          .             -1.50000         1.50000          .00000     59
      11  x     11    BS         -.00038          .             -1.50000         1.50000          .00000     60
      12  x     12   SBS         -.44618          .             -1.50000         1.50000          .00000     61
      13  x     13   SBS          .40389          .             -1.50000         1.50000          .00000     62
      14  x     14    BS          .00738          .             -1.50000         1.50000          .00000     63
      15  x     15    BS         -.05445          .             -1.50000         1.50000          .00000     64
      16  x     16   SBS          .07564          .             -1.50000         1.50000          .00000     65
      17  x     17   SBS        20.08577          .               .10000        50.00000          .00000     66
      18  x     18   SBS        -1.40276          .                None            None           .00000     67
      19  x     19    BS         -.00191          .                None            None           .00000     68
      20  x     20    BS          .04189          .                None            None           .00000     69
      21  x     21    BS          .02222          .                None            None           .00000     70
      22  x     22    BS         -.04329          .                None            None           .00000     71
      23  x     23    BS          .02106          .                None            None           .00000     72
      24  x     24    BS         -.00867          .                None            None           .00000     73
      25  x     25    BS          .00430          .                None            None           .00000     74
      26  x     26    BS          .00026          .     